<?xml version="1.0" encoding="UTF-8"?>
<testng-results ignored="0" total="1" passed="1" failed="0" skipped="0">
  <reporter-output>
  </reporter-output>
  <suite started-at="2020-04-12T18:30:34Z" name="Default suite" finished-at="2020-04-12T18:30:34Z" duration-ms="37">
    <groups>
    </groups>
    <test started-at="2020-04-12T18:30:34Z" name="Default test" finished-at="2020-04-12T18:30:34Z" duration-ms="37">
      <class name="test_olx.TestDemo">
        <test-method is-config="true" signature="beforeClass()[pri:0, instance:test_olx.TestDemo@70e9c95d]" started-at="2020-04-12T20:30:34Z" name="beforeClass" finished-at="2020-04-12T20:30:34Z" duration-ms="11" status="PASS">
          <reporter-output>
          </reporter-output>
        </test-method> <!-- beforeClass -->
        <test-method signature="f()[pri:0, instance:test_olx.TestDemo@70e9c95d]" started-at="2020-04-12T20:30:34Z" name="f" finished-at="2020-04-12T20:30:34Z" duration-ms="5" status="PASS">
          <reporter-output>
          </reporter-output>
        </test-method> <!-- f -->
        <test-method is-config="true" signature="afterClass()[pri:0, instance:test_olx.TestDemo@70e9c95d]" started-at="2020-04-12T20:30:34Z" name="afterClass" finished-at="2020-04-12T20:30:34Z" duration-ms="0" status="PASS">
          <reporter-output>
          </reporter-output>
        </test-method> <!-- afterClass -->
      </class> <!-- test_olx.TestDemo -->
    </test> <!-- Default test -->
  </suite> <!-- Default suite -->
</testng-results>
